---- Протокол ------ 2024-12-10 10:17:32-------------
----Параметры----
-log: in.txt.log
-out: in.txt.out
-in: in.txt
---- Исходные данные 
Количество символов: 297
Проигнорировано: 27
Количество строк: 29
Запрещенные символы символы заменены символом '^'
запрещенный символ '’' на строке 18 на позиции 9
запрещенный символ '‹' на строке 18 на позиции 11
запрещенный символ 'І' на строке 18 на позиции 13
запрещенный символ 'ѕ' на строке 18 на позиции 15
запрещенный символ 'ґ' на строке 18 на позиции 17
запрещенный символ 'Ѓ' на строке 18 на позиции 20
запрещенный символ '‚' на строке 18 на позиции 22
запрещенный символ 'Ђ' на строке 18 на позиции 24
запрещенный символ 'ѕ' на строке 18 на позиции 26
запрещенный символ 'є' на строке 18 на позиции 28
запрещенный символ 'ё' на строке 18 на позиции 30
