d:\bstu\course\riv-2024\riv-2024\riv-2024\release\vc143.pdb
d:\bstu\course\riv-2024\riv-2024\riv-2024\release\sa.obj
d:\bstu\course\riv-2024\riv-2024\riv-2024\release\riv-2024.obj
d:\bstu\course\riv-2024\riv-2024\riv-2024\release\polishnotation.obj
d:\bstu\course\riv-2024\riv-2024\riv-2024\release\parm.obj
d:\bstu\course\riv-2024\riv-2024\riv-2024\release\out.obj
d:\bstu\course\riv-2024\riv-2024\riv-2024\release\mfst.obj
d:\bstu\course\riv-2024\riv-2024\riv-2024\release\lt.obj
d:\bstu\course\riv-2024\riv-2024\riv-2024\release\log.obj
d:\bstu\course\riv-2024\riv-2024\riv-2024\release\la.obj
d:\bstu\course\riv-2024\riv-2024\riv-2024\release\it.obj
d:\bstu\course\riv-2024\riv-2024\riv-2024\release\in.obj
d:\bstu\course\riv-2024\riv-2024\riv-2024\release\grb.obj
d:\bstu\course\riv-2024\riv-2024\riv-2024\release\fst.obj
d:\bstu\course\riv-2024\riv-2024\riv-2024\release\error.obj
d:\bstu\course\riv-2024\riv-2024\riv-2024\release\codegeneration.obj
d:\bstu\course\riv-2024\riv-2024\release\riv-2024.exe
d:\bstu\course\riv-2024\riv-2024\release\riv-2024.pdb
d:\bstu\course\riv-2024\riv-2024\riv-2024\release\riv-2024.ipdb
d:\bstu\course\riv-2024\riv-2024\riv-2024\release\riv-2024.iobj
d:\bstu\course\riv-2024\riv-2024\riv-2024\release\riv-2024.tlog\cl.command.1.tlog
d:\bstu\course\riv-2024\riv-2024\riv-2024\release\riv-2024.tlog\cl.items.tlog
d:\bstu\course\riv-2024\riv-2024\riv-2024\release\riv-2024.tlog\cl.read.1.tlog
d:\bstu\course\riv-2024\riv-2024\riv-2024\release\riv-2024.tlog\cl.write.1.tlog
d:\bstu\course\riv-2024\riv-2024\riv-2024\release\riv-2024.tlog\link.command.1.tlog
d:\bstu\course\riv-2024\riv-2024\riv-2024\release\riv-2024.tlog\link.read.1.tlog
d:\bstu\course\riv-2024\riv-2024\riv-2024\release\riv-2024.tlog\link.secondary.1.tlog
d:\bstu\course\riv-2024\riv-2024\riv-2024\release\riv-2024.tlog\link.write.1.tlog
